{
  "/Users/denisefan/dev/bitmapped/bitmapped/packages/bitmapped/src/color/distance.ts": {
    "path": "/Users/denisefan/dev/bitmapped/bitmapped/packages/bitmapped/src/color/distance.ts",
    "statementMap": {
      "0": {
        "start": { "line": 14, "column": 12 },
        "end": { "line": 14, "column": null }
      },
      "1": {
        "start": { "line": 15, "column": 2 },
        "end": { "line": 15, "column": null }
      },
      "2": {
        "start": { "line": 25, "column": 12 },
        "end": { "line": 25, "column": 33 }
      },
      "3": {
        "start": { "line": 26, "column": 12 },
        "end": { "line": 26, "column": 33 }
      },
      "4": {
        "start": { "line": 27, "column": 12 },
        "end": { "line": 27, "column": 33 }
      },
      "5": {
        "start": { "line": 30, "column": 10 },
        "end": { "line": 30, "column": null }
      },
      "6": {
        "start": { "line": 31, "column": 10 },
        "end": { "line": 31, "column": null }
      },
      "7": {
        "start": { "line": 32, "column": 10 },
        "end": { "line": 32, "column": null }
      },
      "8": {
        "start": { "line": 35, "column": 2 },
        "end": { "line": 35, "column": null }
      },
      "9": {
        "start": { "line": 36, "column": 2 },
        "end": { "line": 36, "column": null }
      },
      "10": {
        "start": { "line": 37, "column": 2 },
        "end": { "line": 37, "column": null }
      },
      "11": {
        "start": { "line": 40, "column": 18 },
        "end": { "line": 40, "column": null }
      },
      "12": {
        "start": { "line": 41, "column": 16 },
        "end": { "line": 41, "column": null }
      },
      "13": {
        "start": { "line": 43, "column": 13 },
        "end": { "line": 43, "column": null }
      },
      "14": {
        "start": { "line": 44, "column": 13 },
        "end": { "line": 44, "column": null }
      },
      "15": {
        "start": { "line": 45, "column": 13 },
        "end": { "line": 45, "column": null }
      },
      "16": {
        "start": { "line": 47, "column": 2 },
        "end": { "line": 51, "column": null }
      },
      "17": {
        "start": { "line": 61, "column": 12 },
        "end": { "line": 61, "column": 33 }
      },
      "18": {
        "start": { "line": 62, "column": 12 },
        "end": { "line": 62, "column": 33 }
      },
      "19": {
        "start": { "line": 63, "column": 12 },
        "end": { "line": 63, "column": 33 }
      },
      "20": {
        "start": { "line": 66, "column": 12 },
        "end": { "line": 66, "column": null }
      },
      "21": {
        "start": { "line": 67, "column": 12 },
        "end": { "line": 67, "column": null }
      },
      "22": {
        "start": { "line": 68, "column": 12 },
        "end": { "line": 68, "column": null }
      },
      "23": {
        "start": { "line": 71, "column": 13 },
        "end": { "line": 71, "column": 25 }
      },
      "24": {
        "start": { "line": 72, "column": 13 },
        "end": { "line": 72, "column": 25 }
      },
      "25": {
        "start": { "line": 73, "column": 13 },
        "end": { "line": 73, "column": 25 }
      },
      "26": {
        "start": { "line": 76, "column": 2 },
        "end": { "line": 80, "column": null }
      },
      "27": {
        "start": { "line": 93, "column": 13 },
        "end": { "line": 93, "column": null }
      },
      "28": {
        "start": { "line": 94, "column": 13 },
        "end": { "line": 94, "column": null }
      },
      "29": {
        "start": { "line": 95, "column": 13 },
        "end": { "line": 95, "column": null }
      },
      "30": {
        "start": { "line": 96, "column": 2 },
        "end": { "line": 96, "column": null }
      },
      "31": {
        "start": { "line": 107, "column": 8 },
        "end": { "line": 107, "column": null }
      },
      "32": {
        "start": { "line": 108, "column": 13 },
        "end": { "line": 108, "column": null }
      },
      "33": {
        "start": { "line": 109, "column": 13 },
        "end": { "line": 109, "column": null }
      },
      "34": {
        "start": { "line": 110, "column": 13 },
        "end": { "line": 110, "column": null }
      },
      "35": {
        "start": { "line": 111, "column": 2 },
        "end": { "line": 115, "column": null }
      },
      "36": {
        "start": { "line": 126, "column": 15 },
        "end": { "line": 126, "column": 26 }
      },
      "37": {
        "start": { "line": 127, "column": 15 },
        "end": { "line": 127, "column": 26 }
      },
      "38": {
        "start": { "line": 128, "column": 13 },
        "end": { "line": 128, "column": null }
      },
      "39": {
        "start": { "line": 129, "column": 13 },
        "end": { "line": 129, "column": null }
      },
      "40": {
        "start": { "line": 130, "column": 13 },
        "end": { "line": 130, "column": null }
      },
      "41": {
        "start": { "line": 131, "column": 2 },
        "end": { "line": 131, "column": null }
      },
      "42": {
        "start": { "line": 143, "column": 15 },
        "end": { "line": 143, "column": 26 }
      },
      "43": {
        "start": { "line": 144, "column": 15 },
        "end": { "line": 144, "column": 26 }
      },
      "44": {
        "start": { "line": 146, "column": 13 },
        "end": { "line": 146, "column": null }
      },
      "45": {
        "start": { "line": 147, "column": 13 },
        "end": { "line": 147, "column": null }
      },
      "46": {
        "start": { "line": 148, "column": 13 },
        "end": { "line": 148, "column": null }
      },
      "47": {
        "start": { "line": 150, "column": 13 },
        "end": { "line": 150, "column": 57 }
      },
      "48": {
        "start": { "line": 151, "column": 13 },
        "end": { "line": 151, "column": 57 }
      },
      "49": {
        "start": { "line": 152, "column": 8 },
        "end": { "line": 152, "column": null }
      },
      "50": {
        "start": { "line": 154, "column": 18 },
        "end": { "line": 154, "column": null }
      },
      "51": {
        "start": { "line": 155, "column": 14 },
        "end": { "line": 155, "column": 29 }
      },
      "52": {
        "start": { "line": 156, "column": 12 },
        "end": { "line": 156, "column": null }
      },
      "53": {
        "start": { "line": 158, "column": 14 },
        "end": { "line": 158, "column": null }
      },
      "54": {
        "start": { "line": 159, "column": 14 },
        "end": { "line": 159, "column": null }
      },
      "55": {
        "start": { "line": 161, "column": 14 },
        "end": { "line": 161, "column": 52 }
      },
      "56": {
        "start": { "line": 162, "column": 14 },
        "end": { "line": 162, "column": 52 }
      },
      "57": {
        "start": { "line": 164, "column": 18 },
        "end": { "line": 164, "column": null }
      },
      "58": {
        "start": { "line": 165, "column": 18 },
        "end": { "line": 165, "column": null }
      },
      "59": {
        "start": { "line": 167, "column": 12 },
        "end": { "line": 167, "column": null }
      },
      "60": {
        "start": { "line": 168, "column": 2 },
        "end": { "line": 168, "column": null }
      },
      "61": {
        "start": { "line": 168, "column": 15 },
        "end": { "line": 168, "column": null }
      },
      "62": {
        "start": { "line": 170, "column": 12 },
        "end": { "line": 170, "column": null }
      },
      "63": {
        "start": { "line": 171, "column": 2 },
        "end": { "line": 171, "column": null }
      },
      "64": {
        "start": { "line": 171, "column": 15 },
        "end": { "line": 171, "column": null }
      },
      "65": {
        "start": { "line": 174, "column": 14 },
        "end": { "line": 174, "column": null }
      },
      "66": {
        "start": { "line": 175, "column": 14 },
        "end": { "line": 175, "column": null }
      },
      "67": {
        "start": { "line": 179, "column": 2 },
        "end": { "line": 186, "column": null }
      },
      "68": {
        "start": { "line": 180, "column": 4 },
        "end": { "line": 180, "column": null }
      },
      "69": {
        "start": { "line": 181, "column": 13 },
        "end": { "line": 186, "column": null }
      },
      "70": {
        "start": { "line": 182, "column": 4 },
        "end": { "line": 182, "column": null }
      },
      "71": {
        "start": { "line": 183, "column": 13 },
        "end": { "line": 186, "column": null }
      },
      "72": {
        "start": { "line": 184, "column": 4 },
        "end": { "line": 184, "column": null }
      },
      "73": {
        "start": { "line": 186, "column": 4 },
        "end": { "line": 186, "column": null }
      },
      "74": {
        "start": { "line": 189, "column": 14 },
        "end": { "line": 189, "column": 70 }
      },
      "75": {
        "start": { "line": 192, "column": 8 },
        "end": { "line": 192, "column": null }
      },
      "76": {
        "start": { "line": 193, "column": 8 },
        "end": { "line": 193, "column": null }
      },
      "77": {
        "start": { "line": 196, "column": 2 },
        "end": { "line": 203, "column": null }
      },
      "78": {
        "start": { "line": 197, "column": 4 },
        "end": { "line": 197, "column": null }
      },
      "79": {
        "start": { "line": 198, "column": 13 },
        "end": { "line": 203, "column": null }
      },
      "80": {
        "start": { "line": 199, "column": 4 },
        "end": { "line": 199, "column": null }
      },
      "81": {
        "start": { "line": 200, "column": 13 },
        "end": { "line": 203, "column": null }
      },
      "82": {
        "start": { "line": 201, "column": 4 },
        "end": { "line": 201, "column": null }
      },
      "83": {
        "start": { "line": 203, "column": 4 },
        "end": { "line": 203, "column": null }
      },
      "84": {
        "start": { "line": 208, "column": 4 },
        "end": { "line": 212, "column": 44 }
      },
      "85": {
        "start": { "line": 215, "column": 8 },
        "end": { "line": 215, "column": null }
      },
      "86": {
        "start": { "line": 216, "column": 13 },
        "end": { "line": 216, "column": 60 }
      },
      "87": {
        "start": { "line": 217, "column": 13 },
        "end": { "line": 217, "column": null }
      },
      "88": {
        "start": { "line": 218, "column": 13 },
        "end": { "line": 218, "column": null }
      },
      "89": {
        "start": { "line": 221, "column": 17 },
        "end": { "line": 221, "column": 72 }
      },
      "90": {
        "start": { "line": 222, "column": 15 },
        "end": { "line": 222, "column": 31 }
      },
      "91": {
        "start": { "line": 223, "column": 13 },
        "end": { "line": 223, "column": 51 }
      },
      "92": {
        "start": { "line": 224, "column": 13 },
        "end": { "line": 224, "column": null }
      },
      "93": {
        "start": { "line": 227, "column": 16 },
        "end": { "line": 227, "column": null }
      },
      "94": {
        "start": { "line": 228, "column": 16 },
        "end": { "line": 228, "column": null }
      },
      "95": {
        "start": { "line": 229, "column": 16 },
        "end": { "line": 229, "column": null }
      },
      "96": {
        "start": { "line": 231, "column": 2 },
        "end": { "line": 233, "column": null }
      },
      "97": {
        "start": { "line": 244, "column": 14 },
        "end": { "line": 244, "column": 27 }
      },
      "98": {
        "start": { "line": 245, "column": 14 },
        "end": { "line": 245, "column": 27 }
      },
      "99": {
        "start": { "line": 246, "column": 13 },
        "end": { "line": 246, "column": null }
      },
      "100": {
        "start": { "line": 247, "column": 13 },
        "end": { "line": 247, "column": null }
      },
      "101": {
        "start": { "line": 248, "column": 13 },
        "end": { "line": 248, "column": null }
      },
      "102": {
        "start": { "line": 249, "column": 2 },
        "end": { "line": 249, "column": null }
      },
      "103": {
        "start": { "line": 260, "column": 2 },
        "end": { "line": 270, "column": null }
      },
      "104": {
        "start": { "line": 262, "column": 6 },
        "end": { "line": 262, "column": null }
      },
      "105": {
        "start": { "line": 264, "column": 6 },
        "end": { "line": 264, "column": null }
      },
      "106": {
        "start": { "line": 266, "column": 6 },
        "end": { "line": 266, "column": null }
      },
      "107": {
        "start": { "line": 268, "column": 6 },
        "end": { "line": 268, "column": null }
      },
      "108": {
        "start": { "line": 270, "column": 6 },
        "end": { "line": 270, "column": null }
      }
    },
    "fnMap": {
      "0": {
        "name": "srgbToLinear",
        "decl": {
          "start": { "line": 13, "column": 9 },
          "end": { "line": 13, "column": 22 }
        },
        "loc": {
          "start": { "line": 13, "column": 41 },
          "end": { "line": 15, "column": null }
        },
        "line": 13
      },
      "1": {
        "name": "rgbToLab",
        "decl": {
          "start": { "line": 23, "column": 16 },
          "end": { "line": 23, "column": 25 }
        },
        "loc": {
          "start": { "line": 23, "column": 47 },
          "end": { "line": 51, "column": null }
        },
        "line": 23
      },
      "2": {
        "name": "rgbToOklab",
        "decl": {
          "start": { "line": 59, "column": 16 },
          "end": { "line": 59, "column": 27 }
        },
        "loc": {
          "start": { "line": 59, "column": 51 },
          "end": { "line": 80, "column": null }
        },
        "line": 59
      },
      "3": {
        "name": "euclideanDistance",
        "decl": {
          "start": { "line": 92, "column": 16 },
          "end": { "line": 92, "column": 34 }
        },
        "loc": {
          "start": { "line": 92, "column": 58 },
          "end": { "line": 96, "column": null }
        },
        "line": 92
      },
      "4": {
        "name": "redmeanDistance",
        "decl": {
          "start": { "line": 106, "column": 16 },
          "end": { "line": 106, "column": 32 }
        },
        "loc": {
          "start": { "line": 106, "column": 56 },
          "end": { "line": 115, "column": null }
        },
        "line": 106
      },
      "5": {
        "name": "cie76Distance",
        "decl": {
          "start": { "line": 125, "column": 16 },
          "end": { "line": 125, "column": 30 }
        },
        "loc": {
          "start": { "line": 125, "column": 54 },
          "end": { "line": 131, "column": null }
        },
        "line": 125
      },
      "6": {
        "name": "ciede2000Distance",
        "decl": {
          "start": { "line": 142, "column": 16 },
          "end": { "line": 142, "column": 34 }
        },
        "loc": {
          "start": { "line": 142, "column": 58 },
          "end": { "line": 233, "column": null }
        },
        "line": 142
      },
      "7": {
        "name": "oklabDistance",
        "decl": {
          "start": { "line": 243, "column": 16 },
          "end": { "line": 243, "column": 30 }
        },
        "loc": {
          "start": { "line": 243, "column": 54 },
          "end": { "line": 249, "column": null }
        },
        "line": 243
      },
      "8": {
        "name": "getDistanceFunction",
        "decl": {
          "start": { "line": 257, "column": 16 },
          "end": { "line": 257, "column": null }
        },
        "loc": {
          "start": { "line": 259, "column": 30 },
          "end": { "line": 270, "column": null }
        },
        "line": 259
      }
    },
    "branchMap": {
      "0": {
        "loc": {
          "start": { "line": 15, "column": 9 },
          "end": { "line": 15, "column": 70 }
        },
        "type": "cond-expr",
        "locations": [
          {
            "start": { "line": 15, "column": 24 },
            "end": { "line": 15, "column": 36 }
          },
          {
            "start": { "line": 15, "column": 36 },
            "end": { "line": 15, "column": 70 }
          }
        ],
        "line": 15
      },
      "1": {
        "loc": {
          "start": { "line": 43, "column": 13 },
          "end": { "line": 43, "column": null }
        },
        "type": "cond-expr",
        "locations": [
          {
            "start": { "line": 43, "column": 27 },
            "end": { "line": 43, "column": 39 }
          },
          {
            "start": { "line": 43, "column": 39 },
            "end": { "line": 43, "column": null }
          }
        ],
        "line": 43
      },
      "2": {
        "loc": {
          "start": { "line": 44, "column": 13 },
          "end": { "line": 44, "column": null }
        },
        "type": "cond-expr",
        "locations": [
          {
            "start": { "line": 44, "column": 27 },
            "end": { "line": 44, "column": 39 }
          },
          {
            "start": { "line": 44, "column": 39 },
            "end": { "line": 44, "column": null }
          }
        ],
        "line": 44
      },
      "3": {
        "loc": {
          "start": { "line": 45, "column": 13 },
          "end": { "line": 45, "column": null }
        },
        "type": "cond-expr",
        "locations": [
          {
            "start": { "line": 45, "column": 27 },
            "end": { "line": 45, "column": 39 }
          },
          {
            "start": { "line": 45, "column": 39 },
            "end": { "line": 45, "column": null }
          }
        ],
        "line": 45
      },
      "4": {
        "loc": {
          "start": { "line": 168, "column": 2 },
          "end": { "line": 168, "column": null }
        },
        "type": "if",
        "locations": [
          {
            "start": { "line": 168, "column": 2 },
            "end": { "line": 168, "column": null }
          },
          { "start": {}, "end": {} }
        ],
        "line": 168
      },
      "5": {
        "loc": {
          "start": { "line": 171, "column": 2 },
          "end": { "line": 171, "column": null }
        },
        "type": "if",
        "locations": [
          {
            "start": { "line": 171, "column": 2 },
            "end": { "line": 171, "column": null }
          },
          { "start": {}, "end": {} }
        ],
        "line": 171
      },
      "6": {
        "loc": {
          "start": { "line": 179, "column": 2 },
          "end": { "line": 186, "column": null }
        },
        "type": "if",
        "locations": [
          {
            "start": { "line": 179, "column": 2 },
            "end": { "line": 186, "column": null }
          },
          {
            "start": { "line": 181, "column": 13 },
            "end": { "line": 186, "column": null }
          }
        ],
        "line": 179
      },
      "7": {
        "loc": {
          "start": { "line": 181, "column": 13 },
          "end": { "line": 186, "column": null }
        },
        "type": "if",
        "locations": [
          {
            "start": { "line": 181, "column": 13 },
            "end": { "line": 186, "column": null }
          },
          {
            "start": { "line": 183, "column": 13 },
            "end": { "line": 186, "column": null }
          }
        ],
        "line": 181
      },
      "8": {
        "loc": {
          "start": { "line": 183, "column": 13 },
          "end": { "line": 186, "column": null }
        },
        "type": "if",
        "locations": [
          {
            "start": { "line": 183, "column": 13 },
            "end": { "line": 186, "column": null }
          },
          {
            "start": { "line": 185, "column": 9 },
            "end": { "line": 186, "column": null }
          }
        ],
        "line": 183
      },
      "9": {
        "loc": {
          "start": { "line": 196, "column": 2 },
          "end": { "line": 203, "column": null }
        },
        "type": "if",
        "locations": [
          {
            "start": { "line": 196, "column": 2 },
            "end": { "line": 203, "column": null }
          },
          {
            "start": { "line": 198, "column": 13 },
            "end": { "line": 203, "column": null }
          }
        ],
        "line": 196
      },
      "10": {
        "loc": {
          "start": { "line": 198, "column": 13 },
          "end": { "line": 203, "column": null }
        },
        "type": "if",
        "locations": [
          {
            "start": { "line": 198, "column": 13 },
            "end": { "line": 203, "column": null }
          },
          {
            "start": { "line": 200, "column": 13 },
            "end": { "line": 203, "column": null }
          }
        ],
        "line": 198
      },
      "11": {
        "loc": {
          "start": { "line": 200, "column": 13 },
          "end": { "line": 203, "column": null }
        },
        "type": "if",
        "locations": [
          {
            "start": { "line": 200, "column": 13 },
            "end": { "line": 203, "column": null }
          },
          {
            "start": { "line": 202, "column": 9 },
            "end": { "line": 203, "column": null }
          }
        ],
        "line": 200
      },
      "12": {
        "loc": {
          "start": { "line": 260, "column": 2 },
          "end": { "line": 270, "column": null }
        },
        "type": "switch",
        "locations": [
          {
            "start": { "line": 261, "column": 4 },
            "end": { "line": 262, "column": null }
          },
          {
            "start": { "line": 263, "column": 4 },
            "end": { "line": 264, "column": null }
          },
          {
            "start": { "line": 265, "column": 4 },
            "end": { "line": 266, "column": null }
          },
          {
            "start": { "line": 267, "column": 4 },
            "end": { "line": 268, "column": null }
          },
          {
            "start": { "line": 269, "column": 4 },
            "end": { "line": 270, "column": null }
          }
        ],
        "line": 260
      }
    },
    "s": {
      "0": 273,
      "1": 273,
      "2": 54,
      "3": 54,
      "4": 54,
      "5": 54,
      "6": 54,
      "7": 54,
      "8": 54,
      "9": 54,
      "10": 54,
      "11": 54,
      "12": 54,
      "13": 54,
      "14": 54,
      "15": 54,
      "16": 54,
      "17": 37,
      "18": 37,
      "19": 37,
      "20": 37,
      "21": 37,
      "22": 37,
      "23": 37,
      "24": 37,
      "25": 37,
      "26": 37,
      "27": 79444,
      "28": 79444,
      "29": 79444,
      "30": 79444,
      "31": 307345693,
      "32": 307345693,
      "33": 307345693,
      "34": 307345693,
      "35": 307345693,
      "36": 11,
      "37": 11,
      "38": 11,
      "39": 11,
      "40": 11,
      "41": 11,
      "42": 14,
      "43": 14,
      "44": 14,
      "45": 14,
      "46": 14,
      "47": 14,
      "48": 14,
      "49": 14,
      "50": 14,
      "51": 14,
      "52": 14,
      "53": 14,
      "54": 14,
      "55": 14,
      "56": 14,
      "57": 14,
      "58": 14,
      "59": 14,
      "60": 14,
      "61": 3,
      "62": 14,
      "63": 14,
      "64": 3,
      "65": 14,
      "66": 14,
      "67": 14,
      "68": 4,
      "69": 10,
      "70": 4,
      "71": 6,
      "72": 3,
      "73": 3,
      "74": 14,
      "75": 14,
      "76": 14,
      "77": 14,
      "78": 4,
      "79": 10,
      "80": 4,
      "81": 6,
      "82": 5,
      "83": 1,
      "84": 14,
      "85": 14,
      "86": 14,
      "87": 14,
      "88": 14,
      "89": 14,
      "90": 14,
      "91": 14,
      "92": 14,
      "93": 14,
      "94": 14,
      "95": 14,
      "96": 14,
      "97": 17,
      "98": 17,
      "99": 17,
      "100": 17,
      "101": 17,
      "102": 17,
      "103": 21512,
      "104": 22,
      "105": 21486,
      "106": 1,
      "107": 1,
      "108": 2
    },
    "f": {
      "0": 273,
      "1": 54,
      "2": 37,
      "3": 79444,
      "4": 307345693,
      "5": 11,
      "6": 14,
      "7": 17,
      "8": 21512
    },
    "b": {
      "0": [150, 123],
      "1": [43, 11],
      "2": [43, 11],
      "3": [43, 11],
      "4": [3, 11],
      "5": [3, 11],
      "6": [4, 10],
      "7": [4, 6],
      "8": [3, 3],
      "9": [4, 10],
      "10": [4, 6],
      "11": [5, 1],
      "12": [22, 21486, 1, 1, 2]
    },
    "meta": {
      "lastBranch": 13,
      "lastFunction": 9,
      "lastStatement": 109,
      "seen": {
        "f:13:9:13:22": 0,
        "s:14:12:14:Infinity": 0,
        "s:15:2:15:Infinity": 1,
        "b:15:24:15:36:15:36:15:70": 0,
        "f:23:16:23:25": 1,
        "s:25:12:25:33": 2,
        "s:26:12:26:33": 3,
        "s:27:12:27:33": 4,
        "s:30:10:30:Infinity": 5,
        "s:31:10:31:Infinity": 6,
        "s:32:10:32:Infinity": 7,
        "s:35:2:35:Infinity": 8,
        "s:36:2:36:Infinity": 9,
        "s:37:2:37:Infinity": 10,
        "s:40:18:40:Infinity": 11,
        "s:41:16:41:Infinity": 12,
        "s:43:13:43:Infinity": 13,
        "b:43:27:43:39:43:39:43:Infinity": 1,
        "s:44:13:44:Infinity": 14,
        "b:44:27:44:39:44:39:44:Infinity": 2,
        "s:45:13:45:Infinity": 15,
        "b:45:27:45:39:45:39:45:Infinity": 3,
        "s:47:2:51:Infinity": 16,
        "f:59:16:59:27": 2,
        "s:61:12:61:33": 17,
        "s:62:12:62:33": 18,
        "s:63:12:63:33": 19,
        "s:66:12:66:Infinity": 20,
        "s:67:12:67:Infinity": 21,
        "s:68:12:68:Infinity": 22,
        "s:71:13:71:25": 23,
        "s:72:13:72:25": 24,
        "s:73:13:73:25": 25,
        "s:76:2:80:Infinity": 26,
        "f:92:16:92:34": 3,
        "s:93:13:93:Infinity": 27,
        "s:94:13:94:Infinity": 28,
        "s:95:13:95:Infinity": 29,
        "s:96:2:96:Infinity": 30,
        "f:106:16:106:32": 4,
        "s:107:8:107:Infinity": 31,
        "s:108:13:108:Infinity": 32,
        "s:109:13:109:Infinity": 33,
        "s:110:13:110:Infinity": 34,
        "s:111:2:115:Infinity": 35,
        "f:125:16:125:30": 5,
        "s:126:15:126:26": 36,
        "s:127:15:127:26": 37,
        "s:128:13:128:Infinity": 38,
        "s:129:13:129:Infinity": 39,
        "s:130:13:130:Infinity": 40,
        "s:131:2:131:Infinity": 41,
        "f:142:16:142:34": 6,
        "s:143:15:143:26": 42,
        "s:144:15:144:26": 43,
        "s:146:13:146:Infinity": 44,
        "s:147:13:147:Infinity": 45,
        "s:148:13:148:Infinity": 46,
        "s:150:13:150:57": 47,
        "s:151:13:151:57": 48,
        "s:152:8:152:Infinity": 49,
        "s:154:18:154:Infinity": 50,
        "s:155:14:155:29": 51,
        "s:156:12:156:Infinity": 52,
        "s:158:14:158:Infinity": 53,
        "s:159:14:159:Infinity": 54,
        "s:161:14:161:52": 55,
        "s:162:14:162:52": 56,
        "s:164:18:164:Infinity": 57,
        "s:165:18:165:Infinity": 58,
        "s:167:12:167:Infinity": 59,
        "b:168:2:168:Infinity:undefined:undefined:undefined:undefined": 4,
        "s:168:2:168:Infinity": 60,
        "s:168:15:168:Infinity": 61,
        "s:170:12:170:Infinity": 62,
        "b:171:2:171:Infinity:undefined:undefined:undefined:undefined": 5,
        "s:171:2:171:Infinity": 63,
        "s:171:15:171:Infinity": 64,
        "s:174:14:174:Infinity": 65,
        "s:175:14:175:Infinity": 66,
        "b:179:2:186:Infinity:181:13:186:Infinity": 6,
        "s:179:2:186:Infinity": 67,
        "s:180:4:180:Infinity": 68,
        "b:181:13:186:Infinity:183:13:186:Infinity": 7,
        "s:181:13:186:Infinity": 69,
        "s:182:4:182:Infinity": 70,
        "b:183:13:186:Infinity:185:9:186:Infinity": 8,
        "s:183:13:186:Infinity": 71,
        "s:184:4:184:Infinity": 72,
        "s:186:4:186:Infinity": 73,
        "s:189:14:189:70": 74,
        "s:192:8:192:Infinity": 75,
        "s:193:8:193:Infinity": 76,
        "b:196:2:203:Infinity:198:13:203:Infinity": 9,
        "s:196:2:203:Infinity": 77,
        "s:197:4:197:Infinity": 78,
        "b:198:13:203:Infinity:200:13:203:Infinity": 10,
        "s:198:13:203:Infinity": 79,
        "s:199:4:199:Infinity": 80,
        "b:200:13:203:Infinity:202:9:203:Infinity": 11,
        "s:200:13:203:Infinity": 81,
        "s:201:4:201:Infinity": 82,
        "s:203:4:203:Infinity": 83,
        "s:208:4:212:44": 84,
        "s:215:8:215:Infinity": 85,
        "s:216:13:216:60": 86,
        "s:217:13:217:Infinity": 87,
        "s:218:13:218:Infinity": 88,
        "s:221:17:221:72": 89,
        "s:222:15:222:31": 90,
        "s:223:13:223:51": 91,
        "s:224:13:224:Infinity": 92,
        "s:227:16:227:Infinity": 93,
        "s:228:16:228:Infinity": 94,
        "s:229:16:229:Infinity": 95,
        "s:231:2:233:Infinity": 96,
        "f:243:16:243:30": 7,
        "s:244:14:244:27": 97,
        "s:245:14:245:27": 98,
        "s:246:13:246:Infinity": 99,
        "s:247:13:247:Infinity": 100,
        "s:248:13:248:Infinity": 101,
        "s:249:2:249:Infinity": 102,
        "f:257:16:257:Infinity": 8,
        "b:261:4:262:Infinity:263:4:264:Infinity:265:4:266:Infinity:267:4:268:Infinity:269:4:270:Infinity": 12,
        "s:260:2:270:Infinity": 103,
        "s:262:6:262:Infinity": 104,
        "s:264:6:264:Infinity": 105,
        "s:266:6:266:Infinity": 106,
        "s:268:6:268:Infinity": 107,
        "s:270:6:270:Infinity": 108
      }
    }
  },
  "/Users/denisefan/dev/bitmapped/bitmapped/packages/bitmapped/src/color/index.ts": {
    "path": "/Users/denisefan/dev/bitmapped/bitmapped/packages/bitmapped/src/color/index.ts",
    "statementMap": {},
    "fnMap": {},
    "branchMap": {},
    "s": {},
    "f": {},
    "b": {},
    "meta": {
      "lastBranch": 0,
      "lastFunction": 0,
      "lastStatement": 0,
      "seen": {}
    }
  },
  "/Users/denisefan/dev/bitmapped/bitmapped/packages/bitmapped/src/color/match.ts": {
    "path": "/Users/denisefan/dev/bitmapped/bitmapped/packages/bitmapped/src/color/match.ts",
    "statementMap": {
      "0": {
        "start": { "line": 23, "column": 8 },
        "end": { "line": 23, "column": 51 }
      },
      "1": {
        "start": { "line": 25, "column": 2 },
        "end": { "line": 26, "column": null }
      },
      "2": {
        "start": { "line": 26, "column": 4 },
        "end": { "line": 26, "column": null }
      },
      "3": {
        "start": { "line": 29, "column": 2 },
        "end": { "line": 41, "column": null }
      },
      "4": {
        "start": { "line": 30, "column": 20 },
        "end": { "line": 30, "column": null }
      },
      "5": {
        "start": { "line": 31, "column": 23 },
        "end": { "line": 31, "column": null }
      },
      "6": {
        "start": { "line": 33, "column": 4 },
        "end": { "line": 37, "column": null }
      },
      "7": {
        "start": { "line": 34, "column": 16 },
        "end": { "line": 34, "column": 46 }
      },
      "8": {
        "start": { "line": 35, "column": 6 },
        "end": { "line": 37, "column": null }
      },
      "9": {
        "start": { "line": 36, "column": 8 },
        "end": { "line": 36, "column": null }
      },
      "10": {
        "start": { "line": 37, "column": 8 },
        "end": { "line": 37, "column": null }
      },
      "11": {
        "start": { "line": 41, "column": 4 },
        "end": { "line": 41, "column": null }
      },
      "12": {
        "start": { "line": 58, "column": 2 },
        "end": { "line": 58, "column": null }
      },
      "13": {
        "start": { "line": 76, "column": 2 },
        "end": { "line": 77, "column": null }
      },
      "14": {
        "start": { "line": 77, "column": 4 },
        "end": { "line": 77, "column": null }
      },
      "15": {
        "start": { "line": 80, "column": 8 },
        "end": { "line": 80, "column": 51 }
      },
      "16": {
        "start": { "line": 82, "column": 17 },
        "end": { "line": 87, "column": 44 }
      },
      "17": {
        "start": { "line": 83, "column": 21 },
        "end": { "line": 86, "column": 7 }
      },
      "18": {
        "start": { "line": 87, "column": 20 },
        "end": { "line": 87, "column": 44 }
      },
      "19": {
        "start": { "line": 89, "column": 2 },
        "end": { "line": 89, "column": null }
      },
      "20": {
        "start": { "line": 89, "column": 39 },
        "end": { "line": 89, "column": 47 }
      },
      "21": {
        "start": { "line": 106, "column": 28 },
        "end": { "line": 106, "column": null }
      },
      "22": {
        "start": { "line": 107, "column": 8 },
        "end": { "line": 107, "column": 47 }
      },
      "23": {
        "start": { "line": 108, "column": 18 },
        "end": { "line": 108, "column": 58 }
      },
      "24": {
        "start": { "line": 109, "column": 21 },
        "end": { "line": 109, "column": null }
      },
      "25": {
        "start": { "line": 111, "column": 2 },
        "end": { "line": 114, "column": null }
      },
      "26": {
        "start": { "line": 111, "column": 15 },
        "end": { "line": 111, "column": 18 }
      },
      "27": {
        "start": { "line": 112, "column": 10 },
        "end": { "line": 112, "column": 48 }
      },
      "28": {
        "start": { "line": 113, "column": 20 },
        "end": { "line": 113, "column": 34 }
      },
      "29": {
        "start": { "line": 114, "column": 4 },
        "end": { "line": 114, "column": null }
      },
      "30": {
        "start": { "line": 117, "column": 2 },
        "end": { "line": 117, "column": null }
      }
    },
    "fnMap": {
      "0": {
        "name": "createPaletteMatcher",
        "decl": {
          "start": { "line": 19, "column": 16 },
          "end": { "line": 19, "column": null }
        },
        "loc": {
          "start": { "line": 22, "column": 32 },
          "end": { "line": 41, "column": null }
        },
        "line": 22
      },
      "1": {
        "name": "(anonymous_1)",
        "decl": {
          "start": { "line": 29, "column": 2 },
          "end": { "line": 29, "column": 10 }
        },
        "loc": {
          "start": { "line": 29, "column": 39 },
          "end": { "line": 41, "column": null }
        },
        "line": 29
      },
      "2": {
        "name": "findNearestColor",
        "decl": {
          "start": { "line": 53, "column": 16 },
          "end": { "line": 53, "column": null }
        },
        "loc": {
          "start": { "line": 57, "column": 16 },
          "end": { "line": 58, "column": null }
        },
        "line": 57
      },
      "3": {
        "name": "findNearestColors",
        "decl": {
          "start": { "line": 70, "column": 16 },
          "end": { "line": 70, "column": null }
        },
        "loc": {
          "start": { "line": 75, "column": 18 },
          "end": { "line": 89, "column": null }
        },
        "line": 75
      },
      "4": {
        "name": "(anonymous_4)",
        "decl": {
          "start": { "line": 83, "column": 5 },
          "end": { "line": 83, "column": 10 }
        },
        "loc": {
          "start": { "line": 83, "column": 21 },
          "end": { "line": 86, "column": 7 }
        },
        "line": 83
      },
      "5": {
        "name": "(anonymous_5)",
        "decl": {
          "start": { "line": 87, "column": 5 },
          "end": { "line": 87, "column": 11 }
        },
        "loc": {
          "start": { "line": 87, "column": 20 },
          "end": { "line": 87, "column": 44 }
        },
        "line": 87
      },
      "6": {
        "name": "(anonymous_6)",
        "decl": {
          "start": { "line": 89, "column": 28 },
          "end": { "line": 89, "column": 33 }
        },
        "loc": {
          "start": { "line": 89, "column": 39 },
          "end": { "line": 89, "column": 47 }
        },
        "line": 89
      },
      "7": {
        "name": "mapImageToPalette",
        "decl": {
          "start": { "line": 101, "column": 16 },
          "end": { "line": 101, "column": null }
        },
        "loc": {
          "start": { "line": 105, "column": 13 },
          "end": { "line": 117, "column": null }
        },
        "line": 105
      }
    },
    "branchMap": {
      "0": {
        "loc": {
          "start": { "line": 21, "column": 2 },
          "end": { "line": 21, "column": null }
        },
        "type": "default-arg",
        "locations": [
          {
            "start": { "line": 21, "column": 33 },
            "end": { "line": 21, "column": null }
          }
        ],
        "line": 21
      },
      "1": {
        "loc": {
          "start": { "line": 25, "column": 2 },
          "end": { "line": 26, "column": null }
        },
        "type": "if",
        "locations": [
          {
            "start": { "line": 25, "column": 2 },
            "end": { "line": 26, "column": null }
          },
          { "start": {}, "end": {} }
        ],
        "line": 25
      },
      "2": {
        "loc": {
          "start": { "line": 35, "column": 6 },
          "end": { "line": 37, "column": null }
        },
        "type": "if",
        "locations": [
          {
            "start": { "line": 35, "column": 6 },
            "end": { "line": 37, "column": null }
          },
          { "start": {}, "end": {} }
        ],
        "line": 35
      },
      "3": {
        "loc": {
          "start": { "line": 56, "column": 2 },
          "end": { "line": 56, "column": null }
        },
        "type": "default-arg",
        "locations": [
          {
            "start": { "line": 56, "column": 33 },
            "end": { "line": 56, "column": null }
          }
        ],
        "line": 56
      },
      "4": {
        "loc": {
          "start": { "line": 74, "column": 2 },
          "end": { "line": 74, "column": null }
        },
        "type": "default-arg",
        "locations": [
          {
            "start": { "line": 74, "column": 33 },
            "end": { "line": 74, "column": null }
          }
        ],
        "line": 74
      },
      "5": {
        "loc": {
          "start": { "line": 76, "column": 2 },
          "end": { "line": 77, "column": null }
        },
        "type": "if",
        "locations": [
          {
            "start": { "line": 76, "column": 2 },
            "end": { "line": 77, "column": null }
          },
          { "start": {}, "end": {} }
        ],
        "line": 76
      },
      "6": {
        "loc": {
          "start": { "line": 104, "column": 2 },
          "end": { "line": 104, "column": null }
        },
        "type": "default-arg",
        "locations": [
          {
            "start": { "line": 104, "column": 33 },
            "end": { "line": 104, "column": null }
          }
        ],
        "line": 104
      }
    },
    "s": {
      "0": 21400,
      "1": 21400,
      "2": 0,
      "3": 21400,
      "4": 1697691,
      "5": 1697691,
      "6": 1697691,
      "7": 278011709,
      "8": 278011709,
      "9": 10997548,
      "10": 10997548,
      "11": 1697691,
      "12": 21273,
      "13": 5,
      "14": 1,
      "15": 4,
      "16": 4,
      "17": 24,
      "18": 44,
      "19": 4,
      "20": 18,
      "21": 3,
      "22": 3,
      "23": 3,
      "24": 3,
      "25": 3,
      "26": 3,
      "27": 6,
      "28": 6,
      "29": 6,
      "30": 3
    },
    "f": {
      "0": 21400,
      "1": 1697691,
      "2": 21273,
      "3": 5,
      "4": 24,
      "5": 44,
      "6": 18,
      "7": 3
    },
    "b": {
      "0": [21400],
      "1": [0, 21400],
      "2": [10997548, 267014161],
      "3": [21273],
      "4": [5],
      "5": [1, 4],
      "6": [3]
    },
    "meta": {
      "lastBranch": 7,
      "lastFunction": 8,
      "lastStatement": 31,
      "seen": {
        "f:19:16:19:Infinity": 0,
        "b:21:33:21:Infinity": 0,
        "s:23:8:23:51": 0,
        "b:25:2:26:Infinity:undefined:undefined:undefined:undefined": 1,
        "s:25:2:26:Infinity": 1,
        "s:26:4:26:Infinity": 2,
        "s:29:2:41:Infinity": 3,
        "f:29:2:29:10": 1,
        "s:30:20:30:Infinity": 4,
        "s:31:23:31:Infinity": 5,
        "s:33:4:37:Infinity": 6,
        "s:34:16:34:46": 7,
        "b:35:6:37:Infinity:undefined:undefined:undefined:undefined": 2,
        "s:35:6:37:Infinity": 8,
        "s:36:8:36:Infinity": 9,
        "s:37:8:37:Infinity": 10,
        "s:41:4:41:Infinity": 11,
        "f:53:16:53:Infinity": 2,
        "b:56:33:56:Infinity": 3,
        "s:58:2:58:Infinity": 12,
        "f:70:16:70:Infinity": 3,
        "b:74:33:74:Infinity": 4,
        "b:76:2:77:Infinity:undefined:undefined:undefined:undefined": 5,
        "s:76:2:77:Infinity": 13,
        "s:77:4:77:Infinity": 14,
        "s:80:8:80:51": 15,
        "s:82:17:87:44": 16,
        "f:83:5:83:10": 4,
        "s:83:21:86:7": 17,
        "f:87:5:87:11": 5,
        "s:87:20:87:44": 18,
        "s:89:2:89:Infinity": 19,
        "f:89:28:89:33": 6,
        "s:89:39:89:47": 20,
        "f:101:16:101:Infinity": 7,
        "b:104:33:104:Infinity": 6,
        "s:106:28:106:Infinity": 21,
        "s:107:8:107:47": 22,
        "s:108:18:108:58": 23,
        "s:109:21:109:Infinity": 24,
        "s:111:2:114:Infinity": 25,
        "s:111:15:111:18": 26,
        "s:112:10:112:48": 27,
        "s:113:20:113:34": 28,
        "s:114:4:114:Infinity": 29,
        "s:117:2:117:Infinity": 30
      }
    }
  },
  "/Users/denisefan/dev/bitmapped/bitmapped/packages/bitmapped/src/color/quantize.ts": {
    "path": "/Users/denisefan/dev/bitmapped/bitmapped/packages/bitmapped/src/color/quantize.ts",
    "statementMap": {
      "0": {
        "start": { "line": 10, "column": 2 },
        "end": { "line": 11, "column": null }
      },
      "1": {
        "start": { "line": 11, "column": 4 },
        "end": { "line": 11, "column": null }
      },
      "2": {
        "start": { "line": 13, "column": 17 },
        "end": { "line": 13, "column": null }
      },
      "3": {
        "start": { "line": 14, "column": 20 },
        "end": { "line": 14, "column": 54 }
      },
      "4": {
        "start": { "line": 15, "column": 2 },
        "end": { "line": 15, "column": null }
      },
      "5": {
        "start": { "line": 22, "column": 34 },
        "end": { "line": 22, "column": null }
      },
      "6": {
        "start": { "line": 23, "column": 34 },
        "end": { "line": 23, "column": null }
      },
      "7": {
        "start": { "line": 24, "column": 37 },
        "end": { "line": 26, "column": null }
      },
      "8": {
        "start": { "line": 30, "column": 16 },
        "end": { "line": 30, "column": null }
      },
      "9": {
        "start": { "line": 31, "column": 17 },
        "end": { "line": 31, "column": 57 }
      },
      "10": {
        "start": { "line": 32, "column": 2 },
        "end": { "line": 36, "column": null }
      },
      "11": {
        "start": { "line": 32, "column": 15 },
        "end": { "line": 32, "column": 18 }
      },
      "12": {
        "start": { "line": 33, "column": 17 },
        "end": { "line": 33, "column": 57 }
      },
      "13": {
        "start": { "line": 34, "column": 4 },
        "end": { "line": 36, "column": null }
      },
      "14": {
        "start": { "line": 35, "column": 6 },
        "end": { "line": 35, "column": null }
      },
      "15": {
        "start": { "line": 36, "column": 6 },
        "end": { "line": 36, "column": null }
      },
      "16": {
        "start": { "line": 39, "column": 2 },
        "end": { "line": 39, "column": null }
      },
      "17": {
        "start": { "line": 47, "column": 2 },
        "end": { "line": 47, "column": null }
      },
      "18": {
        "start": { "line": 47, "column": 18 },
        "end": { "line": 47, "column": null }
      },
      "19": {
        "start": { "line": 48, "column": 2 },
        "end": { "line": 48, "column": null }
      },
      "20": {
        "start": { "line": 48, "column": 19 },
        "end": { "line": 48, "column": null }
      },
      "21": {
        "start": { "line": 49, "column": 2 },
        "end": { "line": 49, "column": null }
      },
      "22": {
        "start": { "line": 57, "column": 2 },
        "end": { "line": 57, "column": null }
      },
      "23": {
        "start": { "line": 64, "column": 57 },
        "end": { "line": 71, "column": null }
      },
      "24": {
        "start": { "line": 67, "column": 41 },
        "end": { "line": 67, "column": 66 }
      },
      "25": {
        "start": { "line": 68, "column": 42 },
        "end": { "line": 68, "column": 49 }
      },
      "26": {
        "start": { "line": 69, "column": 43 },
        "end": { "line": 69, "column": 62 }
      },
      "27": {
        "start": { "line": 70, "column": 43 },
        "end": { "line": 70, "column": null }
      }
    },
    "fnMap": {
      "0": {
        "name": "quantizeBits",
        "decl": {
          "start": { "line": 9, "column": 16 },
          "end": { "line": 9, "column": 29 }
        },
        "loc": {
          "start": { "line": 9, "column": 66 },
          "end": { "line": 15, "column": null }
        },
        "line": 9
      },
      "1": {
        "name": "quantizeGenesis",
        "decl": {
          "start": { "line": 29, "column": 16 },
          "end": { "line": 29, "column": 32 }
        },
        "loc": {
          "start": { "line": 29, "column": 55 },
          "end": { "line": 39, "column": null }
        },
        "line": 29
      },
      "2": {
        "name": "quantizeCPC",
        "decl": {
          "start": { "line": 46, "column": 16 },
          "end": { "line": 46, "column": 28 }
        },
        "loc": {
          "start": { "line": 46, "column": 51 },
          "end": { "line": 49, "column": null }
        },
        "line": 46
      },
      "3": {
        "name": "expandVGA6to8",
        "decl": {
          "start": { "line": 56, "column": 16 },
          "end": { "line": 56, "column": 30 }
        },
        "loc": {
          "start": { "line": 56, "column": 53 },
          "end": { "line": 57, "column": null }
        },
        "line": 56
      },
      "4": {
        "name": "(anonymous_4)",
        "decl": {
          "start": { "line": 67, "column": 29 },
          "end": { "line": 67, "column": 32 }
        },
        "loc": {
          "start": { "line": 67, "column": 41 },
          "end": { "line": 67, "column": 66 }
        },
        "line": 67
      },
      "5": {
        "name": "(anonymous_5)",
        "decl": {
          "start": { "line": 68, "column": 30 },
          "end": { "line": 68, "column": 33 }
        },
        "loc": {
          "start": { "line": 68, "column": 42 },
          "end": { "line": 68, "column": 49 }
        },
        "line": 68
      },
      "6": {
        "name": "(anonymous_6)",
        "decl": {
          "start": { "line": 69, "column": 30 },
          "end": { "line": 69, "column": 33 }
        },
        "loc": {
          "start": { "line": 69, "column": 43 },
          "end": { "line": 69, "column": 62 }
        },
        "line": 69
      },
      "7": {
        "name": "(anonymous_7)",
        "decl": {
          "start": { "line": 70, "column": 30 },
          "end": { "line": 70, "column": 33 }
        },
        "loc": {
          "start": { "line": 70, "column": 43 },
          "end": { "line": 70, "column": null }
        },
        "line": 70
      }
    },
    "branchMap": {
      "0": {
        "loc": {
          "start": { "line": 10, "column": 2 },
          "end": { "line": 11, "column": null }
        },
        "type": "if",
        "locations": [
          {
            "start": { "line": 10, "column": 2 },
            "end": { "line": 11, "column": null }
          },
          { "start": {}, "end": {} }
        ],
        "line": 10
      },
      "1": {
        "loc": {
          "start": { "line": 34, "column": 4 },
          "end": { "line": 36, "column": null }
        },
        "type": "if",
        "locations": [
          {
            "start": { "line": 34, "column": 4 },
            "end": { "line": 36, "column": null }
          },
          { "start": {}, "end": {} }
        ],
        "line": 34
      },
      "2": {
        "loc": {
          "start": { "line": 47, "column": 2 },
          "end": { "line": 47, "column": null }
        },
        "type": "if",
        "locations": [
          {
            "start": { "line": 47, "column": 2 },
            "end": { "line": 47, "column": null }
          },
          { "start": {}, "end": {} }
        ],
        "line": 47
      },
      "3": {
        "loc": {
          "start": { "line": 48, "column": 2 },
          "end": { "line": 48, "column": null }
        },
        "type": "if",
        "locations": [
          {
            "start": { "line": 48, "column": 2 },
            "end": { "line": 48, "column": null }
          },
          { "start": {}, "end": {} }
        ],
        "line": 48
      }
    },
    "s": {
      "0": 7,
      "1": 2,
      "2": 5,
      "3": 5,
      "4": 5,
      "5": 7,
      "6": 7,
      "7": 7,
      "8": 269,
      "9": 269,
      "10": 269,
      "11": 269,
      "12": 1883,
      "13": 1883,
      "14": 922,
      "15": 922,
      "16": 269,
      "17": 265,
      "18": 67,
      "19": 198,
      "20": 131,
      "21": 67,
      "22": 69,
      "23": 7,
      "24": 56,
      "25": 112,
      "26": 224,
      "27": 448
    },
    "f": {
      "0": 7,
      "1": 269,
      "2": 265,
      "3": 69,
      "4": 56,
      "5": 112,
      "6": 224,
      "7": 448
    },
    "b": { "0": [2, 5], "1": [922, 961], "2": [67, 198], "3": [131, 67] },
    "meta": {
      "lastBranch": 4,
      "lastFunction": 8,
      "lastStatement": 28,
      "seen": {
        "f:9:16:9:29": 0,
        "b:10:2:11:Infinity:undefined:undefined:undefined:undefined": 0,
        "s:10:2:11:Infinity": 0,
        "s:11:4:11:Infinity": 1,
        "s:13:17:13:Infinity": 2,
        "s:14:20:14:54": 3,
        "s:15:2:15:Infinity": 4,
        "s:22:34:22:Infinity": 5,
        "s:23:34:23:Infinity": 6,
        "s:24:37:26:Infinity": 7,
        "f:29:16:29:32": 1,
        "s:30:16:30:Infinity": 8,
        "s:31:17:31:57": 9,
        "s:32:2:36:Infinity": 10,
        "s:32:15:32:18": 11,
        "s:33:17:33:57": 12,
        "b:34:4:36:Infinity:undefined:undefined:undefined:undefined": 1,
        "s:34:4:36:Infinity": 13,
        "s:35:6:35:Infinity": 14,
        "s:36:6:36:Infinity": 15,
        "s:39:2:39:Infinity": 16,
        "f:46:16:46:28": 2,
        "b:47:2:47:Infinity:undefined:undefined:undefined:undefined": 2,
        "s:47:2:47:Infinity": 17,
        "s:47:18:47:Infinity": 18,
        "b:48:2:48:Infinity:undefined:undefined:undefined:undefined": 3,
        "s:48:2:48:Infinity": 19,
        "s:48:19:48:Infinity": 20,
        "s:49:2:49:Infinity": 21,
        "f:56:16:56:30": 3,
        "s:57:2:57:Infinity": 22,
        "s:64:57:71:Infinity": 23,
        "f:67:29:67:32": 4,
        "s:67:41:67:66": 24,
        "f:68:30:68:33": 5,
        "s:68:42:68:49": 25,
        "f:69:30:69:33": 6,
        "s:69:43:69:62": 26,
        "f:70:30:70:33": 7,
        "s:70:43:70:Infinity": 27
      }
    }
  },
  "/Users/denisefan/dev/bitmapped/bitmapped/packages/bitmapped/src/constraints/apple2-artifact.ts": {
    "path": "/Users/denisefan/dev/bitmapped/bitmapped/packages/bitmapped/src/constraints/apple2-artifact.ts",
    "statementMap": {
      "0": {
        "start": { "line": 9, "column": 16 },
        "end": { "line": 9, "column": null }
      },
      "1": {
        "start": { "line": 10, "column": 2 },
        "end": { "line": 11, "column": null }
      },
      "2": {
        "start": { "line": 11, "column": 4 },
        "end": { "line": 11, "column": null }
      },
      "3": {
        "start": { "line": 13, "column": 2 },
        "end": { "line": 17, "column": null }
      },
      "4": {
        "start": { "line": 49, "column": 43 },
        "end": { "line": 49, "column": null }
      },
      "5": {
        "start": { "line": 50, "column": 8 },
        "end": { "line": 50, "column": 47 }
      },
      "6": {
        "start": { "line": 51, "column": 18 },
        "end": { "line": 51, "column": null }
      },
      "7": {
        "start": { "line": 52, "column": 8 },
        "end": { "line": 52, "column": 68 }
      },
      "8": {
        "start": { "line": 54, "column": 2 },
        "end": { "line": 57, "column": null }
      },
      "9": {
        "start": { "line": 55, "column": 4 },
        "end": { "line": 57, "column": null }
      },
      "10": {
        "start": { "line": 61, "column": 30 },
        "end": { "line": 66, "column": null }
      },
      "11": {
        "start": { "line": 62, "column": 4 },
        "end": { "line": 63, "column": null }
      },
      "12": {
        "start": { "line": 63, "column": 6 },
        "end": { "line": 63, "column": null }
      },
      "13": {
        "start": { "line": 65, "column": 4 },
        "end": { "line": 65, "column": null }
      },
      "14": {
        "start": { "line": 65, "column": 28 },
        "end": { "line": 65, "column": 41 }
      },
      "15": {
        "start": { "line": 68, "column": 2 },
        "end": { "line": 126, "column": null }
      },
      "16": {
        "start": { "line": 68, "column": 15 },
        "end": { "line": 68, "column": 18 }
      },
      "17": {
        "start": { "line": 70, "column": 4 },
        "end": { "line": 126, "column": null }
      },
      "18": {
        "start": { "line": 70, "column": 26 },
        "end": { "line": 70, "column": 29 }
      },
      "19": {
        "start": { "line": 71, "column": 23 },
        "end": { "line": 71, "column": 67 }
      },
      "20": {
        "start": { "line": 72, "column": 25 },
        "end": { "line": 72, "column": null }
      },
      "21": {
        "start": { "line": 75, "column": 33 },
        "end": { "line": 75, "column": 35 }
      },
      "22": {
        "start": { "line": 76, "column": 6 },
        "end": { "line": 82, "column": null }
      },
      "23": {
        "start": { "line": 76, "column": 19 },
        "end": { "line": 76, "column": 31 }
      },
      "24": {
        "start": { "line": 77, "column": 14 },
        "end": { "line": 77, "column": null }
      },
      "25": {
        "start": { "line": 78, "column": 8 },
        "end": { "line": 82, "column": null }
      },
      "26": {
        "start": { "line": 86, "column": 27 },
        "end": { "line": 86, "column": null }
      },
      "27": {
        "start": { "line": 87, "column": 43 },
        "end": { "line": 87, "column": null }
      },
      "28": {
        "start": { "line": 89, "column": 6 },
        "end": { "line": 113, "column": null }
      },
      "29": {
        "start": { "line": 89, "column": 19 },
        "end": { "line": 89, "column": 22 }
      },
      "30": {
        "start": { "line": 90, "column": 26 },
        "end": { "line": 90, "column": null }
      },
      "31": {
        "start": { "line": 91, "column": 25 },
        "end": { "line": 91, "column": null }
      },
      "32": {
        "start": { "line": 92, "column": 30 },
        "end": { "line": 92, "column": 32 }
      },
      "33": {
        "start": { "line": 94, "column": 8 },
        "end": { "line": 108, "column": null }
      },
      "34": {
        "start": { "line": 94, "column": 21 },
        "end": { "line": 94, "column": 24 }
      },
      "35": {
        "start": { "line": 95, "column": 24 },
        "end": { "line": 95, "column": null }
      },
      "36": {
        "start": { "line": 96, "column": 25 },
        "end": { "line": 96, "column": null }
      },
      "37": {
        "start": { "line": 97, "column": 26 },
        "end": { "line": 97, "column": null }
      },
      "38": {
        "start": { "line": 99, "column": 10 },
        "end": { "line": 103, "column": null }
      },
      "39": {
        "start": { "line": 99, "column": 23 },
        "end": { "line": 99, "column": 26 }
      },
      "40": {
        "start": { "line": 100, "column": 22 },
        "end": { "line": 100, "column": 50 }
      },
      "41": {
        "start": { "line": 101, "column": 12 },
        "end": { "line": 103, "column": null }
      },
      "42": {
        "start": { "line": 102, "column": 14 },
        "end": { "line": 102, "column": null }
      },
      "43": {
        "start": { "line": 103, "column": 14 },
        "end": { "line": 103, "column": null }
      },
      "44": {
        "start": { "line": 107, "column": 10 },
        "end": { "line": 107, "column": null }
      },
      "45": {
        "start": { "line": 108, "column": 10 },
        "end": { "line": 108, "column": null }
      },
      "46": {
        "start": { "line": 111, "column": 8 },
        "end": { "line": 113, "column": null }
      },
      "47": {
        "start": { "line": 112, "column": 10 },
        "end": { "line": 112, "column": null }
      },
      "48": {
        "start": { "line": 113, "column": 10 },
        "end": { "line": 113, "column": null }
      },
      "49": {
        "start": { "line": 118, "column": 6 },
        "end": { "line": 126, "column": null }
      },
      "50": {
        "start": { "line": 119, "column": 8 },
        "end": { "line": 126, "column": null }
      },
      "51": {
        "start": { "line": 119, "column": 21 },
        "end": { "line": 119, "column": 24 }
      },
      "52": {
        "start": { "line": 120, "column": 20 },
        "end": { "line": 120, "column": null }
      },
      "53": {
        "start": { "line": 121, "column": 16 },
        "end": { "line": 121, "column": null }
      },
      "54": {
        "start": { "line": 122, "column": 24 },
        "end": { "line": 122, "column": null }
      },
      "55": {
        "start": { "line": 123, "column": 10 },
        "end": { "line": 123, "column": null }
      },
      "56": {
        "start": { "line": 124, "column": 10 },
        "end": { "line": 124, "column": null }
      },
      "57": {
        "start": { "line": 125, "column": 10 },
        "end": { "line": 125, "column": null }
      },
      "58": {
        "start": { "line": 126, "column": 10 },
        "end": { "line": 126, "column": null }
      },
      "59": {
        "start": { "line": 132, "column": 2 },
        "end": { "line": 132, "column": null }
      }
    },
    "fnMap": {
      "0": {
        "name": "hexToRgb",
        "decl": {
          "start": { "line": 8, "column": 9 },
          "end": { "line": 8, "column": 18 }
        },
        "loc": {
          "start": { "line": 8, "column": 36 },
          "end": { "line": 17, "column": null }
        },
        "line": 8
      },
      "1": {
        "name": "solveApple2Artifact",
        "decl": {
          "start": { "line": 43, "column": 16 },
          "end": { "line": 43, "column": null }
        },
        "loc": {
          "start": { "line": 48, "column": 13 },
          "end": { "line": 132, "column": null }
        },
        "line": 48
      },
      "2": {
        "name": "(anonymous_2)",
        "decl": {
          "start": { "line": 61, "column": 42 },
          "end": { "line": 61, "column": 47 }
        },
        "loc": {
          "start": { "line": 61, "column": 58 },
          "end": { "line": 66, "column": null }
        },
        "line": 61
      },
      "3": {
        "name": "(anonymous_3)",
        "decl": {
          "start": { "line": 65, "column": 15 },
          "end": { "line": 65, "column": 20 }
        },
        "loc": {
          "start": { "line": 65, "column": 28 },
          "end": { "line": 65, "column": 41 }
        },
        "line": 65
      }
    },
    "branchMap": {
      "0": {
        "loc": {
          "start": { "line": 9, "column": 16 },
          "end": { "line": 9, "column": null }
        },
        "type": "cond-expr",
        "locations": [
          {
            "start": { "line": 9, "column": 38 },
            "end": { "line": 9, "column": 50 }
          },
          {
            "start": { "line": 9, "column": 53 },
            "end": { "line": 9, "column": null }
          }
        ],
        "line": 9
      },
      "1": {
        "loc": {
          "start": { "line": 10, "column": 2 },
          "end": { "line": 11, "column": null }
        },
        "type": "if",
        "locations": [
          {
            "start": { "line": 10, "column": 2 },
            "end": { "line": 11, "column": null }
          },
          { "start": {}, "end": {} }
        ],
        "line": 10
      },
      "2": {
        "loc": {
          "start": { "line": 52, "column": 37 },
          "end": { "line": 52, "column": 68 }
        },
        "type": "binary-expr",
        "locations": [
          {
            "start": { "line": 52, "column": 37 },
            "end": { "line": 52, "column": 58 }
          },
          {
            "start": { "line": 52, "column": 58 },
            "end": { "line": 52, "column": 68 }
          }
        ],
        "line": 52
      },
      "3": {
        "loc": {
          "start": { "line": 54, "column": 2 },
          "end": { "line": 57, "column": null }
        },
        "type": "if",
        "locations": [
          {
            "start": { "line": 54, "column": 2 },
            "end": { "line": 57, "column": null }
          },
          { "start": {}, "end": {} }
        ],
        "line": 54
      },
      "4": {
        "loc": {
          "start": { "line": 62, "column": 4 },
          "end": { "line": 63, "column": null }
        },
        "type": "if",
        "locations": [
          {
            "start": { "line": 62, "column": 4 },
            "end": { "line": 63, "column": null }
          },
          { "start": {}, "end": {} }
        ],
        "line": 62
      },
      "5": {
        "loc": {
          "start": { "line": 101, "column": 12 },
          "end": { "line": 103, "column": null }
        },
        "type": "if",
        "locations": [
          {
            "start": { "line": 101, "column": 12 },
            "end": { "line": 103, "column": null }
          },
          { "start": {}, "end": {} }
        ],
        "line": 101
      },
      "6": {
        "loc": {
          "start": { "line": 111, "column": 8 },
          "end": { "line": 113, "column": null }
        },
        "type": "if",
        "locations": [
          {
            "start": { "line": 111, "column": 8 },
            "end": { "line": 113, "column": null }
          },
          { "start": {}, "end": {} }
        ],
        "line": 111
      },
      "7": {
        "loc": {
          "start": { "line": 118, "column": 6 },
          "end": { "line": 126, "column": null }
        },
        "type": "if",
        "locations": [
          {
            "start": { "line": 118, "column": 6 },
            "end": { "line": 126, "column": null }
          },
          { "start": {}, "end": {} }
        ],
        "line": 118
      }
    },
    "s": {
      "0": 84,
      "1": 84,
      "2": 0,
      "3": 84,
      "4": 13,
      "5": 13,
      "6": 13,
      "7": 13,
      "8": 13,
      "9": 1,
      "10": 12,
      "11": 22,
      "12": 1,
      "13": 21,
      "14": 84,
      "15": 12,
      "16": 12,
      "17": 22,
      "18": 22,
      "19": 32,
      "20": 32,
      "21": 32,
      "22": 32,
      "23": 32,
      "24": 210,
      "25": 210,
      "26": 32,
      "27": 32,
      "28": 32,
      "29": 32,
      "30": 62,
      "31": 62,
      "32": 62,
      "33": 62,
      "34": 62,
      "35": 406,
      "36": 406,
      "37": 406,
      "38": 406,
      "39": 406,
      "40": 1624,
      "41": 1624,
      "42": 950,
      "43": 950,
      "44": 406,
      "45": 406,
      "46": 62,
      "47": 52,
      "48": 52,
      "49": 32,
      "50": 32,
      "51": 32,
      "52": 210,
      "53": 210,
      "54": 210,
      "55": 210,
      "56": 210,
      "57": 210,
      "58": 210,
      "59": 11
    },
    "f": { "0": 84, "1": 13, "2": 22, "3": 84 },
    "b": {
      "0": [84, 0],
      "1": [0, 84],
      "2": [13, 12],
      "3": [1, 12],
      "4": [1, 21],
      "5": [950, 674],
      "6": [52, 10],
      "7": [32, 0]
    },
    "meta": {
      "lastBranch": 8,
      "lastFunction": 4,
      "lastStatement": 60,
      "seen": {
        "f:8:9:8:18": 0,
        "s:9:16:9:Infinity": 0,
        "b:9:38:9:50:9:53:9:Infinity": 0,
        "b:10:2:11:Infinity:undefined:undefined:undefined:undefined": 1,
        "s:10:2:11:Infinity": 1,
        "s:11:4:11:Infinity": 2,
        "s:13:2:17:Infinity": 3,
        "f:43:16:43:Infinity": 1,
        "s:49:43:49:Infinity": 4,
        "s:50:8:50:47": 5,
        "s:51:18:51:Infinity": 6,
        "s:52:8:52:68": 7,
        "b:52:37:52:58:52:58:52:68": 2,
        "b:54:2:57:Infinity:undefined:undefined:undefined:undefined": 3,
        "s:54:2:57:Infinity": 8,
        "s:55:4:57:Infinity": 9,
        "s:61:30:66:Infinity": 10,
        "f:61:42:61:47": 2,
        "b:62:4:63:Infinity:undefined:undefined:undefined:undefined": 4,
        "s:62:4:63:Infinity": 11,
        "s:63:6:63:Infinity": 12,
        "s:65:4:65:Infinity": 13,
        "f:65:15:65:20": 3,
        "s:65:28:65:41": 14,
        "s:68:2:126:Infinity": 15,
        "s:68:15:68:18": 16,
        "s:70:4:126:Infinity": 17,
        "s:70:26:70:29": 18,
        "s:71:23:71:67": 19,
        "s:72:25:72:Infinity": 20,
        "s:75:33:75:35": 21,
        "s:76:6:82:Infinity": 22,
        "s:76:19:76:31": 23,
        "s:77:14:77:Infinity": 24,
        "s:78:8:82:Infinity": 25,
        "s:86:27:86:Infinity": 26,
        "s:87:43:87:Infinity": 27,
        "s:89:6:113:Infinity": 28,
        "s:89:19:89:22": 29,
        "s:90:26:90:Infinity": 30,
        "s:91:25:91:Infinity": 31,
        "s:92:30:92:32": 32,
        "s:94:8:108:Infinity": 33,
        "s:94:21:94:24": 34,
        "s:95:24:95:Infinity": 35,
        "s:96:25:96:Infinity": 36,
        "s:97:26:97:Infinity": 37,
        "s:99:10:103:Infinity": 38,
        "s:99:23:99:26": 39,
        "s:100:22:100:50": 40,
        "b:101:12:103:Infinity:undefined:undefined:undefined:undefined": 5,
        "s:101:12:103:Infinity": 41,
        "s:102:14:102:Infinity": 42,
        "s:103:14:103:Infinity": 43,
        "s:107:10:107:Infinity": 44,
        "s:108:10:108:Infinity": 45,
        "b:111:8:113:Infinity:undefined:undefined:undefined:undefined": 6,
        "s:111:8:113:Infinity": 46,
        "s:112:10:112:Infinity": 47,
        "s:113:10:113:Infinity": 48,
        "b:118:6:126:Infinity:undefined:undefined:undefined:undefined": 7,
        "s:118:6:126:Infinity": 49,
        "s:119:8:126:Infinity": 50,
        "s:119:21:119:24": 51,
        "s:120:20:120:Infinity": 52,
        "s:121:16:121:Infinity": 53,
        "s:122:24:122:Infinity": 54,
        "s:123:10:123:Infinity": 55,
        "s:124:10:124:Infinity": 56,
        "s:125:10:125:Infinity": 57,
        "s:126:10:126:Infinity": 58,
        "s:132:2:132:Infinity": 59
      }
    }
  },
  "/Users/denisefan/dev/bitmapped/bitmapped/packages/bitmapped/src/constraints/attribute-clash.ts": {
    "path": "/Users/denisefan/dev/bitmapped/bitmapped/packages/bitmapped/src/constraints/attribute-clash.ts",
    "statementMap": {
      "0": {
        "start": { "line": 17, "column": 16 },
        "end": { "line": 17, "column": null }
      },
      "1": {
        "start": { "line": 18, "column": 17 },
        "end": { "line": 18, "column": null }
      },
      "2": {
        "start": { "line": 19, "column": 2 },
        "end": { "line": 23, "column": null }
      },
      "3": {
        "start": { "line": 19, "column": 15 },
        "end": { "line": 19, "column": 18 }
      },
      "4": {
        "start": { "line": 20, "column": 14 },
        "end": { "line": 20, "column": 37 }
      },
      "5": {
        "start": { "line": 21, "column": 4 },
        "end": { "line": 23, "column": null }
      },
      "6": {
        "start": { "line": 22, "column": 6 },
        "end": { "line": 22, "column": null }
      },
      "7": {
        "start": { "line": 23, "column": 6 },
        "end": { "line": 23, "column": null }
      },
      "8": {
        "start": { "line": 26, "column": 2 },
        "end": { "line": 26, "column": null }
      },
      "9": {
        "start": { "line": 34, "column": 14 },
        "end": { "line": 34, "column": null }
      },
      "10": {
        "start": { "line": 35, "column": 2 },
        "end": { "line": 41, "column": null }
      },
      "11": {
        "start": { "line": 35, "column": 15 },
        "end": { "line": 35, "column": 18 }
      },
      "12": {
        "start": { "line": 36, "column": 15 },
        "end": { "line": 36, "column": null }
      },
      "13": {
        "start": { "line": 37, "column": 4 },
        "end": { "line": 39, "column": null }
      },
      "14": {
        "start": { "line": 37, "column": 17 },
        "end": { "line": 37, "column": 20 }
      },
      "15": {
        "start": { "line": 38, "column": 16 },
        "end": { "line": 38, "column": 44 }
      },
      "16": {
        "start": { "line": 39, "column": 6 },
        "end": { "line": 39, "column": null }
      },
      "17": {
        "start": { "line": 39, "column": 20 },
        "end": { "line": 39, "column": null }
      },
      "18": {
        "start": { "line": 41, "column": 4 },
        "end": { "line": 41, "column": null }
      },
      "19": {
        "start": { "line": 43, "column": 2 },
        "end": { "line": 43, "column": null }
      },
      "20": {
        "start": { "line": 63, "column": 24 },
        "end": { "line": 63, "column": 62 }
      },
      "21": {
        "start": { "line": 64, "column": 18 },
        "end": { "line": 64, "column": null }
      },
      "22": {
        "start": { "line": 67, "column": 23 },
        "end": { "line": 67, "column": 50 }
      },
      "23": {
        "start": { "line": 68, "column": 2 },
        "end": { "line": 74, "column": null }
      },
      "24": {
        "start": { "line": 68, "column": 15 },
        "end": { "line": 68, "column": 18 }
      },
      "25": {
        "start": { "line": 69, "column": 4 },
        "end": { "line": 74, "column": null }
      },
      "26": {
        "start": { "line": 69, "column": 17 },
        "end": { "line": 69, "column": 24 }
      },
      "27": {
        "start": { "line": 70, "column": 21 },
        "end": { "line": 70, "column": 59 }
      },
      "28": {
        "start": { "line": 71, "column": 18 },
        "end": { "line": 71, "column": 50 }
      },
      "29": {
        "start": { "line": 72, "column": 6 },
        "end": { "line": 74, "column": null }
      },
      "30": {
        "start": { "line": 73, "column": 8 },
        "end": { "line": 73, "column": null }
      },
      "31": {
        "start": { "line": 74, "column": 8 },
        "end": { "line": 74, "column": null }
      },
      "32": {
        "start": { "line": 80, "column": 22 },
        "end": { "line": 80, "column": null }
      },
      "33": {
        "start": { "line": 81, "column": 20 },
        "end": { "line": 81, "column": 48 }
      },
      "34": {
        "start": { "line": 82, "column": 2 },
        "end": { "line": 88, "column": null }
      },
      "35": {
        "start": { "line": 82, "column": 15 },
        "end": { "line": 82, "column": 28 }
      },
      "36": {
        "start": { "line": 83, "column": 4 },
        "end": { "line": 88, "column": null }
      },
      "37": {
        "start": { "line": 83, "column": 17 },
        "end": { "line": 83, "column": 24 }
      },
      "38": {
        "start": { "line": 84, "column": 21 },
        "end": { "line": 84, "column": 59 }
      },
      "39": {
        "start": { "line": 85, "column": 18 },
        "end": { "line": 85, "column": 50 }
      },
      "40": {
        "start": { "line": 86, "column": 6 },
        "end": { "line": 88, "column": null }
      },
      "41": {
        "start": { "line": 87, "column": 8 },
        "end": { "line": 87, "column": null }
      },
      "42": {
        "start": { "line": 88, "column": 8 },
        "end": { "line": 88, "column": null }
      },
      "43": {
        "start": { "line": 93, "column": 2 },
        "end": { "line": 93, "column": null }
      },
      "44": {
        "start": { "line": 107, "column": 24 },
        "end": { "line": 107, "column": 62 }
      },
      "45": {
        "start": { "line": 108, "column": 18 },
        "end": { "line": 108, "column": null }
      },
      "46": {
        "start": { "line": 110, "column": 2 },
        "end": { "line": 116, "column": null }
      },
      "47": {
        "start": { "line": 110, "column": 15 },
        "end": { "line": 110, "column": 18 }
      },
      "48": {
        "start": { "line": 111, "column": 4 },
        "end": { "line": 116, "column": null }
      },
      "49": {
        "start": { "line": 111, "column": 17 },
        "end": { "line": 111, "column": 24 }
      },
      "50": {
        "start": { "line": 112, "column": 21 },
        "end": { "line": 112, "column": 59 }
      },
      "51": {
        "start": { "line": 113, "column": 18 },
        "end": { "line": 113, "column": 50 }
      },
      "52": {
        "start": { "line": 114, "column": 6 },
        "end": { "line": 116, "column": null }
      },
      "53": {
        "start": { "line": 115, "column": 8 },
        "end": { "line": 115, "column": null }
      },
      "54": {
        "start": { "line": 116, "column": 8 },
        "end": { "line": 116, "column": null }
      },
      "55": {
        "start": { "line": 121, "column": 2 },
        "end": { "line": 121, "column": null }
      },
      "56": {
        "start": { "line": 143, "column": 24 },
        "end": { "line": 143, "column": 26 }
      },
      "57": {
        "start": { "line": 144, "column": 22 },
        "end": { "line": 144, "column": 39 }
      },
      "58": {
        "start": { "line": 147, "column": 2 },
        "end": { "line": 149, "column": null }
      },
      "59": {
        "start": { "line": 148, "column": 4 },
        "end": { "line": 148, "column": null }
      },
      "60": {
        "start": { "line": 149, "column": 4 },
        "end": { "line": 149, "column": null }
      },
      "61": {
        "start": { "line": 153, "column": 23 },
        "end": { "line": 153, "column": 54 }
      },
      "62": {
        "start": { "line": 155, "column": 2 },
        "end": { "line": 172, "column": null }
      },
      "63": {
        "start": { "line": 158, "column": 18 },
        "end": { "line": 158, "column": null }
      },
      "64": {
        "start": { "line": 159, "column": 20 },
        "end": { "line": 159, "column": null }
      },
      "65": {
        "start": { "line": 160, "column": 4 },
        "end": { "line": 168, "column": null }
      },
      "66": {
        "start": { "line": 160, "column": 17 },
        "end": { "line": 160, "column": 20 }
      },
      "67": {
        "start": { "line": 161, "column": 18 },
        "end": { "line": 161, "column": null }
      },
      "68": {
        "start": { "line": 162, "column": 17 },
        "end": { "line": 162, "column": null }
      },
      "69": {
        "start": { "line": 163, "column": 6 },
        "end": { "line": 164, "column": null }
      },
      "70": {
        "start": { "line": 163, "column": 19 },
        "end": { "line": 163, "column": 22 }
      },
      "71": {
        "start": { "line": 164, "column": 8 },
        "end": { "line": 164, "column": null }
      },
      "72": {
        "start": { "line": 166, "column": 6 },
        "end": { "line": 168, "column": null }
      },
      "73": {
        "start": { "line": 167, "column": 8 },
        "end": { "line": 167, "column": null }
      },
      "74": {
        "start": { "line": 168, "column": 8 },
        "end": { "line": 168, "column": null }
      },
      "75": {
        "start": { "line": 171, "column": 4 },
        "end": { "line": 171, "column": null }
      },
      "76": {
        "start": { "line": 172, "column": 4 },
        "end": { "line": 172, "column": null }
      },
      "77": {
        "start": { "line": 176, "column": 2 },
        "end": { "line": 182, "column": null }
      },
      "78": {
        "start": { "line": 176, "column": 15 },
        "end": { "line": 176, "column": 18 }
      },
      "79": {
        "start": { "line": 177, "column": 15 },
        "end": { "line": 177, "column": null }
      },
      "80": {
        "start": { "line": 178, "column": 4 },
        "end": { "line": 180, "column": null }
      },
      "81": {
        "start": { "line": 178, "column": 17 },
        "end": { "line": 178, "column": 20 }
      },
      "82": {
        "start": { "line": 179, "column": 16 },
        "end": { "line": 179, "column": 44 }
      },
      "83": {
        "start": { "line": 180, "column": 6 },
        "end": { "line": 180, "column": null }
      },
      "84": {
        "start": { "line": 180, "column": 20 },
        "end": { "line": 180, "column": null }
      },
      "85": {
        "start": { "line": 182, "column": 4 },
        "end": { "line": 182, "column": null }
      },
      "86": {
        "start": { "line": 186, "column": 2 },
        "end": { "line": 220, "column": null }
      },
      "87": {
        "start": { "line": 187, "column": 18 },
        "end": { "line": 187, "column": null }
      },
      "88": {
        "start": { "line": 188, "column": 24 },
        "end": { "line": 188, "column": null }
      },
      "89": {
        "start": { "line": 190, "column": 4 },
        "end": { "line": 205, "column": null }
      },
      "90": {
        "start": { "line": 190, "column": 17 },
        "end": { "line": 190, "column": 20 }
      },
      "91": {
        "start": { "line": 191, "column": 6 },
        "end": { "line": 191, "column": null }
      },
      "92": {
        "start": { "line": 191, "column": 30 },
        "end": { "line": 191, "column": null }
      },
      "93": {
        "start": { "line": 193, "column": 17 },
        "end": { "line": 193, "column": null }
      },
      "94": {
        "start": { "line": 194, "column": 22 },
        "end": { "line": 194, "column": null }
      },
      "95": {
        "start": { "line": 196, "column": 6 },
        "end": { "line": 199, "column": null }
      },
      "96": {
        "start": { "line": 196, "column": 19 },
        "end": { "line": 196, "column": 22 }
      },
      "97": {
        "start": { "line": 197, "column": 18 },
        "end": { "line": 197, "column": 38 }
      },
      "98": {
        "start": { "line": 198, "column": 8 },
        "end": { "line": 199, "column": null }
      },
      "99": {
        "start": { "line": 199, "column": 10 },
        "end": { "line": 199, "column": null }
      },
      "100": {
        "start": { "line": 203, "column": 6 },
        "end": { "line": 205, "column": null }
      },
      "101": {
        "start": { "line": 204, "column": 8 },
        "end": { "line": 204, "column": null }
      },
      "102": {
        "start": { "line": 205, "column": 8 },
        "end": { "line": 205, "column": null }
      },
      "103": {
        "start": { "line": 210, "column": 4 },
        "end": { "line": 210, "column": null }
      },
      "104": {
        "start": { "line": 210, "column": 46 },
        "end": { "line": 210, "column": null }
      },
      "105": {
        "start": { "line": 212, "column": 21 },
        "end": { "line": 212, "column": null }
      },
      "106": {
        "start": { "line": 213, "column": 4 },
        "end": { "line": 213, "column": null }
      },
      "107": {
        "start": { "line": 214, "column": 4 },
        "end": { "line": 214, "column": null }
      },
      "108": {
        "start": { "line": 217, "column": 4 },
[...]
        "end": { "line": 36, "column": null }
      },
      "9": {
        "start": { "line": 32, "column": 6 },
        "end": { "line": 36, "column": null }
      },
      "10": {
        "start": { "line": 33, "column": 14 },
        "end": { "line": 33, "column": 35 }
      },
      "11": {
        "start": { "line": 34, "column": 14 },
        "end": { "line": 34, "column": 35 }
      },
      "12": {
        "start": { "line": 35, "column": 14 },
        "end": { "line": 35, "column": 35 }
      },
      "13": {
        "start": { "line": 36, "column": 8 },
        "end": { "line": 36, "column": null }
      },
      "14": {
        "start": { "line": 40, "column": 2 },
        "end": { "line": 40, "column": null }
      },
      "15": {
        "start": { "line": 43, "column": 38 },
        "end": { "line": 60, "column": null }
      }
    },
    "fnMap": {
      "0": {
        "name": "neoGeoQuantize",
        "decl": {
          "start": { "line": 14, "column": 9 },
          "end": { "line": 14, "column": 24 }
        },
        "loc": {
          "start": { "line": 14, "column": 62 },
          "end": { "line": 22, "column": null }
        },
        "line": 14
      },
      "1": {
        "name": "generateNeoGeoPalette",
        "decl": {
          "start": { "line": 26, "column": 9 },
          "end": { "line": 26, "column": 33 }
        },
        "loc": {
          "start": { "line": 26, "column": 33 },
          "end": { "line": 40, "column": null }
        },
        "line": 26
      }
    },
    "branchMap": {},
    "s": {
      "0": 3,
      "1": 0,
      "2": 0,
      "3": 0,
      "4": 0,
      "5": 3,
      "6": 3,
      "7": 3,
      "8": 12,
      "9": 48,
      "10": 192,
      "11": 192,
      "12": 192,
      "13": 192,
      "14": 3,
      "15": 3
    },
    "f": { "0": 0, "1": 3 },
    "b": {},
    "meta": {
      "lastBranch": 0,
      "lastFunction": 2,
      "lastStatement": 16,
      "seen": {
        "s:4:28:11:Infinity": 0,
        "f:14:9:14:24": 0,
        "s:15:13:15:39": 1,
        "s:16:13:16:39": 2,
        "s:17:13:17:39": 3,
        "s:18:2:22:Infinity": 4,
        "f:26:9:26:33": 1,
        "s:27:17:27:Infinity": 5,
        "s:28:17:28:19": 6,
        "s:30:2:36:Infinity": 7,
        "s:31:4:36:Infinity": 8,
        "s:32:6:36:Infinity": 9,
        "s:33:14:33:35": 10,
        "s:34:14:34:35": 11,
        "s:35:14:35:35": 12,
        "s:36:8:36:Infinity": 13,
        "s:40:2:40:Infinity": 14,
        "s:43:38:60:Infinity": 15
      }
    }
  },
  "/Users/denisefan/dev/bitmapped/bitmapped/packages/bitmapped/src/presets/other/ps1.ts": {
    "path": "/Users/denisefan/dev/bitmapped/bitmapped/packages/bitmapped/src/presets/other/ps1.ts",
    "statementMap": {
      "0": {
        "start": { "line": 3, "column": 24 },
        "end": { "line": 9, "column": null }
      },
      "1": {
        "start": { "line": 13, "column": 17 },
        "end": { "line": 13, "column": null }
      },
      "2": {
        "start": { "line": 14, "column": 17 },
        "end": { "line": 14, "column": 19 }
      },
      "3": {
        "start": { "line": 15, "column": 2 },
        "end": { "line": 21, "column": null }
      },
      "4": {
        "start": { "line": 16, "column": 4 },
        "end": { "line": 21, "column": null }
      },
      "5": {
        "start": { "line": 17, "column": 6 },
        "end": { "line": 21, "column": null }
      },
      "6": {
        "start": { "line": 18, "column": 20 },
        "end": { "line": 18, "column": null }
      },
      "7": {
        "start": { "line": 19, "column": 20 },
        "end": { "line": 19, "column": null }
      },
      "8": {
        "start": { "line": 20, "column": 20 },
        "end": { "line": 20, "column": null }
      },
      "9": {
        "start": { "line": 21, "column": 8 },
        "end": { "line": 21, "column": null }
      },
      "10": {
        "start": { "line": 25, "column": 2 },
        "end": { "line": 25, "column": null }
      },
      "11": {
        "start": { "line": 28, "column": 35 },
        "end": { "line": 53, "column": null }
      }
    },
    "fnMap": {
      "0": {
        "name": "generatePS1Palette",
        "decl": {
          "start": { "line": 12, "column": 9 },
          "end": { "line": 12, "column": 30 }
        },
        "loc": {
          "start": { "line": 12, "column": 30 },
          "end": { "line": 25, "column": null }
        },
        "line": 12
      }
    },
    "branchMap": {},
    "s": {
      "0": 3,
      "1": 3,
      "2": 3,
      "3": 3,
      "4": 12,
      "5": 48,
      "6": 192,
      "7": 192,
      "8": 192,
      "9": 192,
      "10": 3,
      "11": 3
    },
    "f": { "0": 3 },
    "b": {},
    "meta": {
      "lastBranch": 0,
      "lastFunction": 1,
      "lastStatement": 12,
      "seen": {
        "s:3:24:9:Infinity": 0,
        "f:12:9:12:30": 0,
        "s:13:17:13:Infinity": 1,
        "s:14:17:14:19": 2,
        "s:15:2:21:Infinity": 3,
        "s:16:4:21:Infinity": 4,
        "s:17:6:21:Infinity": 5,
        "s:18:20:18:Infinity": 6,
        "s:19:20:19:Infinity": 7,
        "s:20:20:20:Infinity": 8,
        "s:21:8:21:Infinity": 9,
        "s:25:2:25:Infinity": 10,
        "s:28:35:53:Infinity": 11
      }
    }
  },
  "/Users/denisefan/dev/bitmapped/bitmapped/packages/bitmapped/src/presets/palettes/c64-palettes.ts": {
    "path": "/Users/denisefan/dev/bitmapped/bitmapped/packages/bitmapped/src/presets/palettes/c64-palettes.ts",
    "statementMap": {
      "0": {
        "start": { "line": 6, "column": 44 },
        "end": { "line": 23, "column": null }
      },
      "1": {
        "start": { "line": 26, "column": 47 },
        "end": { "line": 43, "column": null }
      },
      "2": {
        "start": { "line": 46, "column": 43 },
        "end": { "line": 63, "column": null }
      }
    },
    "fnMap": {},
    "branchMap": {},
    "s": { "0": 3, "1": 3, "2": 3 },
    "f": {},
    "b": {},
    "meta": {
      "lastBranch": 0,
      "lastFunction": 0,
      "lastStatement": 3,
      "seen": {
        "s:6:44:23:Infinity": 0,
        "s:26:47:43:Infinity": 1,
        "s:46:43:63:Infinity": 2
      }
    }
  },
  "/Users/denisefan/dev/bitmapped/bitmapped/packages/bitmapped/src/presets/palettes/cga-palettes.ts": {
    "path": "/Users/denisefan/dev/bitmapped/bitmapped/packages/bitmapped/src/presets/palettes/cga-palettes.ts",
    "statementMap": {
      "0": {
        "start": { "line": 8, "column": 43 },
        "end": { "line": 25, "column": null }
      },
      "1": {
        "start": { "line": 28, "column": 52 },
        "end": { "line": 32, "column": null }
      },
      "2": {
        "start": { "line": 33, "column": 53 },
        "end": { "line": 37, "column": null }
      },
      "3": {
        "start": { "line": 38, "column": 52 },
        "end": { "line": 42, "column": null }
      },
      "4": {
        "start": { "line": 43, "column": 53 },
        "end": { "line": 47, "column": null }
      }
    },
    "fnMap": {},
    "branchMap": {},
    "s": { "0": 3, "1": 3, "2": 3, "3": 3, "4": 3 },
    "f": {},
    "b": {},
    "meta": {
      "lastBranch": 0,
      "lastFunction": 0,
      "lastStatement": 5,
      "seen": {
        "s:8:43:25:Infinity": 0,
        "s:28:52:32:Infinity": 1,
        "s:33:53:37:Infinity": 2,
        "s:38:52:42:Infinity": 3,
        "s:43:53:47:Infinity": 4
      }
    }
  },
  "/Users/denisefan/dev/bitmapped/bitmapped/packages/bitmapped/src/presets/palettes/cpc-palette.ts": {
    "path": "/Users/denisefan/dev/bitmapped/bitmapped/packages/bitmapped/src/presets/palettes/cpc-palette.ts",
    "statementMap": {
      "0": {
        "start": { "line": 8, "column": 46 },
        "end": { "line": 36, "column": null }
      },
      "1": {
        "start": { "line": 39, "column": 58 },
        "end": { "line": 67, "column": null }
      }
    },
    "fnMap": {},
    "branchMap": {},
    "s": { "0": 3, "1": 3 },
    "f": {},
    "b": {},
    "meta": {
      "lastBranch": 0,
      "lastFunction": 0,
      "lastStatement": 2,
      "seen": { "s:8:46:36:Infinity": 0, "s:39:58:67:Infinity": 1 }
    }
  },
  "/Users/denisefan/dev/bitmapped/bitmapped/packages/bitmapped/src/presets/palettes/ega-palette.ts": {
    "path": "/Users/denisefan/dev/bitmapped/bitmapped/packages/bitmapped/src/presets/palettes/ega-palette.ts",
    "statementMap": {
      "0": {
        "start": { "line": 11, "column": 28 },
        "end": { "line": 11, "column": 30 }
      },
      "1": {
        "start": { "line": 12, "column": 2 },
        "end": { "line": 26, "column": null }
      },
      "2": {
        "start": { "line": 12, "column": 15 },
        "end": { "line": 12, "column": 18 }
      },
      "3": {
        "start": { "line": 13, "column": 24 },
        "end": { "line": 13, "column": null }
      },
      "4": {
        "start": { "line": 14, "column": 24 },
        "end": { "line": 14, "column": null }
      },
      "5": {
        "start": { "line": 15, "column": 24 },
        "end": { "line": 15, "column": null }
      },
      "6": {
        "start": { "line": 16, "column": 22 },
        "end": { "line": 16, "column": null }
      },
      "7": {
        "start": { "line": 17, "column": 22 },
        "end": { "line": 17, "column": null }
      },
      "8": {
        "start": { "line": 18, "column": 22 },
        "end": { "line": 18, "column": null }
      },
      "9": {
        "start": { "line": 20, "column": 14 },
        "end": { "line": 20, "column": null }
      },
      "10": {
        "start": { "line": 21, "column": 14 },
        "end": { "line": 21, "column": null }
      },
      "11": {
        "start": { "line": 22, "column": 14 },
        "end": { "line": 22, "column": null }
      },
      "12": {
        "start": { "line": 24, "column": 4 },
        "end": { "line": 26, "column": null }
      },
      "13": {
        "start": { "line": 28, "column": 2 },
        "end": { "line": 28, "column": null }
      },
      "14": {
        "start": { "line": 35, "column": 56 },
        "end": { "line": 52, "column": null }
      }
    },
    "fnMap": {
      "0": {
        "name": "generateEGAPalette",
        "decl": {
          "start": { "line": 10, "column": 16 },
          "end": { "line": 10, "column": 47 }
        },
        "loc": {
          "start": { "line": 10, "column": 47 },
          "end": { "line": 28, "column": null }
        },
        "line": 10
      }
    },
    "branchMap": {},
    "s": {
      "0": 3,
      "1": 3,
      "2": 3,
      "3": 192,
      "4": 192,
      "5": 192,
      "6": 192,
      "7": 192,
      "8": 192,
      "9": 192,
      "10": 192,
      "11": 192,
      "12": 192,
      "13": 3,
      "14": 3
    },
    "f": { "0": 3 },
    "b": {},
    "meta": {
      "lastBranch": 0,
      "lastFunction": 1,
      "lastStatement": 15,
      "seen": {
        "f:10:16:10:47": 0,
        "s:11:28:11:30": 0,
        "s:12:2:26:Infinity": 1,
        "s:12:15:12:18": 2,
        "s:13:24:13:Infinity": 3,
        "s:14:24:14:Infinity": 4,
        "s:15:24:15:Infinity": 5,
        "s:16:22:16:Infinity": 6,
        "s:17:22:17:Infinity": 7,
        "s:18:22:18:Infinity": 8,
        "s:20:14:20:Infinity": 9,
        "s:21:14:21:Infinity": 10,
        "s:22:14:22:Infinity": 11,
        "s:24:4:26:Infinity": 12,
        "s:28:2:28:Infinity": 13,
        "s:35:56:52:Infinity": 14
      }
    }
  },
  "/Users/denisefan/dev/bitmapped/bitmapped/packages/bitmapped/src/presets/palettes/misc-palettes.ts": {
    "path": "/Users/denisefan/dev/bitmapped/bitmapped/packages/bitmapped/src/presets/palettes/misc-palettes.ts",
    "statementMap": {
      "0": {
        "start": { "line": 2, "column": 52 },
        "end": { "line": 11, "column": null }
      },
      "1": {
        "start": { "line": 14, "column": 46 },
        "end": { "line": 19, "column": null }
      },
      "2": {
        "start": { "line": 22, "column": 50 },
        "end": { "line": 39, "column": null }
      },
      "3": {
        "start": { "line": 46, "column": 46 },
        "end": { "line": 63, "column": null }
      },
      "4": {
        "start": { "line": 66, "column": 54 },
        "end": { "line": 71, "column": null }
      },
      "5": {
        "start": { "line": 72, "column": 54 },
        "end": { "line": 77, "column": null }
      },
      "6": {
        "start": { "line": 80, "column": 47 },
        "end": { "line": 97, "column": null }
      },
      "7": {
        "start": { "line": 100, "column": 52 },
        "end": { "line": 105, "column": null }
      },
      "8": {
        "start": { "line": 108, "column": 54 },
        "end": { "line": 113, "column": null }
      },
      "9": {
        "start": { "line": 116, "column": 54 },
        "end": { "line": 121, "column": null }
      }
    },
    "fnMap": {},
    "branchMap": {},
    "s": {
      "0": 3,
      "1": 3,
      "2": 3,
      "3": 3,
      "4": 3,
      "5": 3,
      "6": 3,
      "7": 3,
      "8": 3,
      "9": 3
    },
    "f": {},
    "b": {},
    "meta": {
      "lastBranch": 0,
      "lastFunction": 0,
      "lastStatement": 10,
      "seen": {
        "s:2:52:11:Infinity": 0,
        "s:14:46:19:Infinity": 1,
        "s:22:50:39:Infinity": 2,
        "s:46:46:63:Infinity": 3,
        "s:66:54:71:Infinity": 4,
        "s:72:54:77:Infinity": 5,
        "s:80:47:97:Infinity": 6,
        "s:100:52:105:Infinity": 7,
        "s:108:54:113:Infinity": 8,
        "s:116:54:121:Infinity": 9
      }
    }
  },
  "/Users/denisefan/dev/bitmapped/bitmapped/packages/bitmapped/src/presets/palettes/pico8-palette.ts": {
    "path": "/Users/denisefan/dev/bitmapped/bitmapped/packages/bitmapped/src/presets/palettes/pico8-palette.ts",
    "statementMap": {
      "0": {
        "start": { "line": 2, "column": 49 },
        "end": { "line": 19, "column": null }
      },
      "1": {
        "start": { "line": 22, "column": 49 },
        "end": { "line": 39, "column": null }
      }
    },
    "fnMap": {},
    "branchMap": {},
    "s": { "0": 3, "1": 3 },
    "f": {},
    "b": {},
    "meta": {
      "lastBranch": 0,
      "lastFunction": 0,
      "lastStatement": 2,
      "seen": { "s:2:49:19:Infinity": 0, "s:22:49:39:Infinity": 1 }
    }
  },
  "/Users/denisefan/dev/bitmapped/bitmapped/packages/bitmapped/src/presets/palettes/tms9918a-palette.ts": {
    "path": "/Users/denisefan/dev/bitmapped/bitmapped/packages/bitmapped/src/presets/palettes/tms9918a-palette.ts",
    "statementMap": {
      "0": {
        "start": { "line": 6, "column": 51 },
        "end": { "line": 23, "column": null }
      }
    },
    "fnMap": {},
    "branchMap": {},
    "s": { "0": 3 },
    "f": {},
    "b": {},
    "meta": {
      "lastBranch": 0,
      "lastFunction": 0,
      "lastStatement": 1,
      "seen": { "s:6:51:23:Infinity": 0 }
    }
  },
  "/Users/denisefan/dev/bitmapped/bitmapped/packages/bitmapped/src/presets/sega/game-gear.ts": {
    "path": "/Users/denisefan/dev/bitmapped/bitmapped/packages/bitmapped/src/presets/sega/game-gear.ts",
    "statementMap": {
      "0": {
        "start": { "line": 4, "column": 23 },
        "end": { "line": 10, "column": null }
      },
      "1": {
        "start": { "line": 12, "column": 40 },
        "end": { "line": 32, "column": null }
      },
      "2": {
        "start": { "line": 18, "column": 64 },
        "end": { "line": 18, "column": 73 }
      }
    },
    "fnMap": {
      "0": {
        "name": "(anonymous_0)",
        "decl": {
          "start": { "line": 18, "column": 48 },
          "end": { "line": 18, "column": 53 }
        },
        "loc": {
          "start": { "line": 18, "column": 64 },
          "end": { "line": 18, "column": 73 }
        },
        "line": 18
      }
    },
    "branchMap": {},
    "s": { "0": 3, "1": 3, "2": 96 },
    "f": { "0": 96 },
    "b": {},
    "meta": {
      "lastBranch": 0,
      "lastFunction": 1,
      "lastStatement": 3,
      "seen": {
        "s:4:23:10:Infinity": 0,
        "s:12:40:32:Infinity": 1,
        "f:18:48:18:53": 0,
        "s:18:64:18:73": 2
      }
    }
  },
  "/Users/denisefan/dev/bitmapped/bitmapped/packages/bitmapped/src/presets/sega/genesis.ts": {
    "path": "/Users/denisefan/dev/bitmapped/bitmapped/packages/bitmapped/src/presets/sega/genesis.ts",
    "statementMap": {
      "0": {
        "start": { "line": 4, "column": 28 },
        "end": { "line": 11, "column": null }
      },
      "1": {
        "start": { "line": 15, "column": 2 },
        "end": { "line": 15, "column": null }
      },
      "2": {
        "start": { "line": 15, "column": 66 },
        "end": { "line": 15, "column": 75 }
      },
      "3": {
        "start": { "line": 18, "column": 19 },
        "end": { "line": 23, "column": null }
      },
      "4": {
        "start": { "line": 25, "column": 39 },
        "end": { "line": 45, "column": null }
      },
      "5": {
        "start": { "line": 47, "column": 42 },
        "end": { "line": 67, "column": null }
      }
    },
    "fnMap": {
      "0": {
        "name": "generateGenesisPalette",
        "decl": {
          "start": { "line": 14, "column": 9 },
          "end": { "line": 14, "column": 34 }
        },
        "loc": {
          "start": { "line": 14, "column": 34 },
          "end": { "line": 15, "column": null }
        },
        "line": 14
      },
      "1": {
        "name": "(anonymous_1)",
        "decl": {
          "start": { "line": 15, "column": 50 },
          "end": { "line": 15, "column": 55 }
        },
        "loc": {
          "start": { "line": 15, "column": 66 },
          "end": { "line": 15, "column": 75 }
        },
        "line": 15
      }
    },
    "branchMap": {},
    "s": { "0": 3, "1": 3, "2": 1536, "3": 3, "4": 3, "5": 3 },
    "f": { "0": 3, "1": 1536 },
    "b": {},
    "meta": {
      "lastBranch": 0,
      "lastFunction": 2,
      "lastStatement": 6,
      "seen": {
        "s:4:28:11:Infinity": 0,
        "f:14:9:14:34": 0,
        "s:15:2:15:Infinity": 1,
        "f:15:50:15:55": 1,
        "s:15:66:15:75": 2,
        "s:18:19:23:Infinity": 3,
        "s:25:39:45:Infinity": 4,
        "s:47:42:67:Infinity": 5
      }
    }
  },
  "/Users/denisefan/dev/bitmapped/bitmapped/packages/bitmapped/src/presets/sega/master-system.ts": {
    "path": "/Users/denisefan/dev/bitmapped/bitmapped/packages/bitmapped/src/presets/sega/master-system.ts",
    "statementMap": {
      "0": {
        "start": { "line": 4, "column": 24 },
        "end": { "line": 10, "column": null }
      },
      "1": {
        "start": { "line": 14, "column": 2 },
        "end": { "line": 14, "column": null }
      },
      "2": {
        "start": { "line": 14, "column": 62 },
        "end": { "line": 14, "column": 71 }
      },
      "3": {
        "start": { "line": 17, "column": 44 },
        "end": { "line": 34, "column": null }
      }
    },
    "fnMap": {
      "0": {
        "name": "generateSMSPalette",
        "decl": {
          "start": { "line": 13, "column": 9 },
          "end": { "line": 13, "column": 30 }
        },
        "loc": {
          "start": { "line": 13, "column": 30 },
          "end": { "line": 14, "column": null }
        },
        "line": 13
      },
      "1": {
        "name": "(anonymous_1)",
        "decl": {
          "start": { "line": 14, "column": 46 },
          "end": { "line": 14, "column": 51 }
        },
        "loc": {
          "start": { "line": 14, "column": 62 },
          "end": { "line": 14, "column": 71 }
        },
        "line": 14
      }
    },
    "branchMap": {},
    "s": { "0": 3, "1": 3, "2": 192, "3": 3 },
    "f": { "0": 3, "1": 192 },
    "b": {},
    "meta": {
      "lastBranch": 0,
      "lastFunction": 2,
      "lastStatement": 4,
      "seen": {
        "s:4:24:10:Infinity": 0,
        "f:13:9:13:30": 0,
        "s:14:2:14:Infinity": 1,
        "f:14:46:14:51": 1,
        "s:14:62:14:71": 2,
        "s:17:44:34:Infinity": 3
      }
    }
  }
}
